<?xml version="1.0" encoding="UTF-8"?>
<testng-results ignored="0" total="1" passed="1" failed="0" skipped="0">
  <reporter-output>
  </reporter-output>
  <suite started-at="2025-04-20T17:41:50 EET" name="Default suite" finished-at="2025-04-20T17:42:05 EET" duration-ms="15001">
    <groups>
    </groups>
    <test started-at="2025-04-20T17:41:50 EET" name="Default test" finished-at="2025-04-20T17:42:05 EET" duration-ms="15001">
      <class name="cart">
        <test-method is-config="true" signature="setUp()[pri:0, instance:cart@6c40365c]" started-at="2025-04-20T17:41:50 EET" name="setUp" finished-at="2025-04-20T17:41:51 EET" duration-ms="1496" status="PASS">
          <reporter-output>
          </reporter-output>
        </test-method> <!-- setUp -->
        <test-method signature="testAddProductToCart()[pri:0, instance:cart@6c40365c]" started-at="2025-04-20T17:41:51 EET" name="testAddProductToCart" finished-at="2025-04-20T17:42:04 EET" duration-ms="13332" status="PASS">
          <reporter-output>
          </reporter-output>
        </test-method> <!-- testAddProductToCart -->
        <test-method is-config="true" signature="tearDown()[pri:0, instance:cart@6c40365c]" started-at="2025-04-20T17:42:04 EET" name="tearDown" finished-at="2025-04-20T17:42:05 EET" duration-ms="136" status="PASS">
          <reporter-output>
          </reporter-output>
        </test-method> <!-- tearDown -->
      </class> <!-- cart -->
    </test> <!-- Default test -->
  </suite> <!-- Default suite -->
</testng-results>
